# JRE version: OpenJDK Runtime Environment (21.0.8) (build 21.0.8+-14196175-b1038.72)
# Java VM: OpenJDK 64-Bit Server VM (21.0.8+-14196175-b1038.72, mixed mode, tiered, compressed oops, compressed class ptrs, g1 gc, windows-amd64)
GC Precious Log:
 CardTable entry size: 512
 Card Set container configuration: InlinePtr #cards 5 size 8 Array Of Cards #cards 12 size 40 Howl #buckets 4 coarsen threshold 1843 Howl Bitmap #cards 512 size 80 coarsen threshold 460 Card regions per heap region 1 cards per card region 2048
 CPUs: 4 total, 4 available
 Memory: 8078M
 Large Page Support: Disabled
 NUMA Support: Disabled
 Compressed Oops: Enabled (32-bit)
 Heap Region Size: 1M
 Heap Min Capacity: 8M
 Heap Initial Capacity: 128M
 Heap Max Capacity: 2G
 Pre-touch: Disabled
 Parallel Workers: 4
 Concurrent Workers: 1
 Concurrent Refinement Workers: 4
 Periodic GC: Disabled
Heap:
 garbage-first heap   total 133120K, used 98804K [0x0000000080000000, 0x0000000100000000)
  region size 1024K, 22 young (22528K), 3 survivors (3072K)
 Metaspace       used 63245K, committed 64704K, reserved 1114112K
  class space    used 8962K, committed 9664K, reserved 1048576K
GC Heap History (20 events):
Event: 7.671 GC heap before
{Heap before GC invocations=13 (full 0):
 garbage-first heap   total 102400K, used 72441K [0x0000000080000000, 0x0000000100000000)
  region size 1024K, 12 young (12288K), 1 survivors (1024K)
 Metaspace       used 40740K, committed 41664K, reserved 1114112K
  class space    used 5786K, committed 6208K, reserved 1048576K
}
Event: 7.673 GC heap after
{Heap after GC invocations=14 (full 0):
 garbage-first heap   total 102400K, used 61827K [0x0000000080000000, 0x0000000100000000)
  region size 1024K, 2 young (2048K), 2 survivors (2048K)
 Metaspace       used 40740K, committed 41664K, reserved 1114112K
  class space    used 5786K, committed 6208K, reserved 1048576K
}
Event: 8.716 GC heap before
{Heap before GC invocations=14 (full 0):
 garbage-first heap   total 102400K, used 91523K [0x0000000080000000, 0x0000000100000000)
  region size 1024K, 32 young (32768K), 2 survivors (2048K)
 Metaspace       used 46376K, committed 47296K, reserved 1114112K
  class space    used 6378K, committed 6848K, reserved 1048576K
}
Event: 8.721 GC heap after
{Heap after GC invocations=15 (full 0):
 garbage-first heap   total 102400K, used 64984K [0x0000000080000000, 0x0000000100000000)
  region size 1024K, 4 young (4096K), 4 survivors (4096K)
 Metaspace       used 46376K, committed 47296K, reserved 1114112K
  class space    used 6378K, committed 6848K, reserved 1048576K
}
Event: 9.247 GC heap before
{Heap before GC invocations=15 (full 0):
 garbage-first heap   total 102400K, used 88536K [0x0000000080000000, 0x0000000100000000)
  region size 1024K, 28 young (28672K), 4 survivors (4096K)
 Metaspace       used 47430K, committed 48384K, reserved 1114112K
  class space    used 6530K, committed 6976K, reserved 1048576K
}
Event: 9.255 GC heap after
{Heap after GC invocations=16 (full 0):
 garbage-first heap   total 102400K, used 68622K [0x0000000080000000, 0x0000000100000000)
  region size 1024K, 4 young (4096K), 4 survivors (4096K)
 Metaspace       used 47430K, committed 48384K, reserved 1114112K
  class space    used 6530K, committed 6976K, reserved 1048576K
}
Event: 10.986 GC heap before
{Heap before GC invocations=17 (full 0):
 garbage-first heap   total 124928K, used 95246K [0x0000000080000000, 0x0000000100000000)
  region size 1024K, 25 young (25600K), 4 survivors (4096K)
 Metaspace       used 50492K, committed 51584K, reserved 1114112K
  class space    used 6913K, committed 7424K, reserved 1048576K
}
Event: 10.992 GC heap after
{Heap after GC invocations=18 (full 0):
 garbage-first heap   total 124928K, used 69947K [0x0000000080000000, 0x0000000100000000)
  region size 1024K, 2 young (2048K), 2 survivors (2048K)
 Metaspace       used 50492K, committed 51584K, reserved 1114112K
  class space    used 6913K, committed 7424K, reserved 1048576K
}
Event: 14.241 GC heap before
{Heap before GC invocations=18 (full 0):
 garbage-first heap   total 124928K, used 112955K [0x0000000080000000, 0x0000000100000000)
  region size 1024K, 44 young (45056K), 2 survivors (2048K)
 Metaspace       used 55708K, committed 57152K, reserved 1114112K
  class space    used 7814K, committed 8512K, reserved 1048576K
}
Event: 14.246 GC heap after
{Heap after GC invocations=19 (full 0):
 garbage-first heap   total 124928K, used 72087K [0x0000000080000000, 0x0000000100000000)
  region size 1024K, 4 young (4096K), 4 survivors (4096K)
 Metaspace       used 55708K, committed 57152K, reserved 1114112K
  class space    used 7814K, committed 8512K, reserved 1048576K
}
Event: 15.501 GC heap before
{Heap before GC invocations=19 (full 0):
 garbage-first heap   total 124928K, used 88471K [0x0000000080000000, 0x0000000100000000)
  region size 1024K, 21 young (21504K), 4 survivors (4096K)
 Metaspace       used 57467K, committed 58944K, reserved 1114112K
  class space    used 8120K, committed 8832K, reserved 1048576K
}
Event: 15.507 GC heap after
{Heap after GC invocations=20 (full 0):
 garbage-first heap   total 124928K, used 73728K [0x0000000080000000, 0x0000000100000000)
  region size 1024K, 4 young (4096K), 4 survivors (4096K)
 Metaspace       used 57467K, committed 58944K, reserved 1114112K
  class space    used 8120K, committed 8832K, reserved 1048576K
}
Event: 16.977 GC heap before
{Heap before GC invocations=21 (full 0):
 garbage-first heap   total 126976K, used 114688K [0x0000000080000000, 0x0000000100000000)
  region size 1024K, 43 young (44032K), 4 survivors (4096K)
 Metaspace       used 60808K, committed 62272K, reserved 1114112K
  class space    used 8676K, committed 9408K, reserved 1048576K
}
Event: 16.983 GC heap after
{Heap after GC invocations=22 (full 0):
 garbage-first heap   total 126976K, used 78213K [0x0000000080000000, 0x0000000100000000)
  region size 1024K, 5 young (5120K), 5 survivors (5120K)
 Metaspace       used 60808K, committed 62272K, reserved 1114112K
  class space    used 8676K, committed 9408K, reserved 1048576K
}
Event: 17.389 GC heap before
{Heap before GC invocations=22 (full 0):
 garbage-first heap   total 126976K, used 113029K [0x0000000080000000, 0x0000000100000000)
  region size 1024K, 39 young (39936K), 5 survivors (5120K)
 Metaspace       used 60878K, committed 62336K, reserved 1114112K
  class space    used 8679K, committed 9408K, reserved 1048576K
}
Event: 17.394 GC heap after
{Heap after GC invocations=23 (full 0):
 garbage-first heap   total 126976K, used 79034K [0x0000000080000000, 0x0000000100000000)
  region size 1024K, 5 young (5120K), 5 survivors (5120K)
 Metaspace       used 60878K, committed 62336K, reserved 1114112K
  class space    used 8679K, committed 9408K, reserved 1048576K
}
Event: 17.683 GC heap before
{Heap before GC invocations=23 (full 0):
 garbage-first heap   total 126976K, used 113850K [0x0000000080000000, 0x0000000100000000)
  region size 1024K, 39 young (39936K), 5 survivors (5120K)
 Metaspace       used 60894K, committed 62400K, reserved 1114112K
  class space    used 8679K, committed 9408K, reserved 1048576K
}
Event: 17.688 GC heap after
{Heap after GC invocations=24 (full 0):
 garbage-first heap   total 126976K, used 79348K [0x0000000080000000, 0x0000000100000000)
  region size 1024K, 2 young (2048K), 2 survivors (2048K)
 Metaspace       used 60894K, committed 62400K, reserved 1114112K
  class space    used 8679K, committed 9408K, reserved 1048576K
}
Event: 17.916 GC heap before
{Heap before GC invocations=25 (full 0):
 garbage-first heap   total 133120K, used 117236K [0x0000000080000000, 0x0000000100000000)
  region size 1024K, 39 young (39936K), 2 survivors (2048K)
 Metaspace       used 60899K, committed 62400K, reserved 1114112K
  class space    used 8679K, committed 9408K, reserved 1048576K
}
Event: 17.919 GC heap after
{Heap after GC invocations=26 (full 0):
 garbage-first heap   total 133120K, used 80372K [0x0000000080000000, 0x0000000100000000)
  region size 1024K, 3 young (3072K), 3 survivors (3072K)
 Metaspace       used 60899K, committed 62400K, reserved 1114112K
  class space    used 8679K, committed 9408K, reserved 1048576K
}

