# JRE version: OpenJDK Runtime Environment (21.0.8) (build 21.0.8+-14196175-b1038.72)
# Java VM: OpenJDK 64-Bit Server VM (21.0.8+-14196175-b1038.72, mixed mode, tiered, compressed oops, compressed class ptrs, g1 gc, windows-amd64)
GC Precious Log:
 CardTable entry size: 512
 Card Set container configuration: InlinePtr #cards 5 size 8 Array Of Cards #cards 12 size 40 Howl #buckets 4 coarsen threshold 1843 Howl Bitmap #cards 512 size 80 coarsen threshold 460 Card regions per heap region 1 cards per card region 2048
 CPUs: 4 total, 4 available
 Memory: 8078M
 Large Page Support: Disabled
 NUMA Support: Disabled
 Compressed Oops: Enabled (32-bit)
 Heap Region Size: 1M
 Heap Min Capacity: 8M
 Heap Initial Capacity: 128M
 Heap Max Capacity: 2020M
 Pre-touch: Disabled
 Parallel Workers: 4
 Concurrent Workers: 1
 Concurrent Refinement Workers: 4
 Periodic GC: Disabled
Heap:
 garbage-first heap   total 63488K, used 44089K [0x0000000081c00000, 0x0000000100000000)
  region size 1024K, 2 young (2048K), 2 survivors (2048K)
 Metaspace       used 55707K, committed 56064K, reserved 1114112K
  class space    used 6607K, committed 6784K, reserved 1048576K
GC Heap History (20 events):
Event: 1.300 GC heap after
{Heap after GC invocations=6 (full 0):
 garbage-first heap   total 34816K, used 14336K [0x0000000081c00000, 0x0000000100000000)
  region size 1024K, 2 young (2048K), 2 survivors (2048K)
 Metaspace       used 27531K, committed 27776K, reserved 1114112K
  class space    used 3022K, committed 3136K, reserved 1048576K
}
Event: 1.475 GC heap before
{Heap before GC invocations=6 (full 0):
 garbage-first heap   total 34816K, used 26624K [0x0000000081c00000, 0x0000000100000000)
  region size 1024K, 14 young (14336K), 2 survivors (2048K)
 Metaspace       used 31854K, committed 32128K, reserved 1114112K
  class space    used 3954K, committed 4096K, reserved 1048576K
}
Event: 1.478 GC heap after
{Heap after GC invocations=7 (full 0):
 garbage-first heap   total 46080K, used 14554K [0x0000000081c00000, 0x0000000100000000)
  region size 1024K, 1 young (1024K), 1 survivors (1024K)
 Metaspace       used 31854K, committed 32128K, reserved 1114112K
  class space    used 3954K, committed 4096K, reserved 1048576K
}
Event: 1.687 GC heap before
{Heap before GC invocations=7 (full 0):
 garbage-first heap   total 46080K, used 31962K [0x0000000081c00000, 0x0000000100000000)
  region size 1024K, 19 young (19456K), 1 survivors (1024K)
 Metaspace       used 35761K, committed 35968K, reserved 1114112K
  class space    used 4417K, committed 4544K, reserved 1048576K
}
Event: 1.690 GC heap after
{Heap after GC invocations=8 (full 0):
 garbage-first heap   total 46080K, used 16083K [0x0000000081c00000, 0x0000000100000000)
  region size 1024K, 3 young (3072K), 3 survivors (3072K)
 Metaspace       used 35761K, committed 35968K, reserved 1114112K
  class space    used 4417K, committed 4544K, reserved 1048576K
}
Event: 1.922 GC heap before
{Heap before GC invocations=9 (full 0):
 garbage-first heap   total 46080K, used 36563K [0x0000000081c00000, 0x0000000100000000)
  region size 1024K, 23 young (23552K), 3 survivors (3072K)
 Metaspace       used 41258K, committed 41472K, reserved 1114112K
  class space    used 5015K, committed 5120K, reserved 1048576K
}
Event: 1.926 GC heap after
{Heap after GC invocations=10 (full 0):
 garbage-first heap   total 46080K, used 17101K [0x0000000081c00000, 0x0000000100000000)
  region size 1024K, 1 young (1024K), 1 survivors (1024K)
 Metaspace       used 41258K, committed 41472K, reserved 1114112K
  class space    used 5015K, committed 5120K, reserved 1048576K
}
Event: 2.192 GC heap before
{Heap before GC invocations=10 (full 0):
 garbage-first heap   total 46080K, used 37581K [0x0000000081c00000, 0x0000000100000000)
  region size 1024K, 22 young (22528K), 1 survivors (1024K)
 Metaspace       used 46443K, committed 46656K, reserved 1114112K
  class space    used 5565K, committed 5632K, reserved 1048576K
}
Event: 2.197 GC heap after
{Heap after GC invocations=11 (full 0):
 garbage-first heap   total 46080K, used 18762K [0x0000000081c00000, 0x0000000100000000)
  region size 1024K, 3 young (3072K), 3 survivors (3072K)
 Metaspace       used 46443K, committed 46656K, reserved 1114112K
  class space    used 5565K, committed 5632K, reserved 1048576K
}
Event: 2.446 GC heap before
{Heap before GC invocations=11 (full 0):
 garbage-first heap   total 46080K, used 39242K [0x0000000081c00000, 0x0000000100000000)
  region size 1024K, 23 young (23552K), 3 survivors (3072K)
 Metaspace       used 48128K, committed 48320K, reserved 1114112K
  class space    used 5713K, committed 5824K, reserved 1048576K
}
Event: 2.457 GC heap after
{Heap after GC invocations=12 (full 0):
 garbage-first heap   total 58368K, used 24366K [0x0000000081c00000, 0x0000000100000000)
  region size 1024K, 3 young (3072K), 3 survivors (3072K)
 Metaspace       used 48128K, committed 48320K, reserved 1114112K
  class space    used 5713K, committed 5824K, reserved 1048576K
}
Event: 2.619 GC heap before
{Heap before GC invocations=12 (full 0):
 garbage-first heap   total 58368K, used 48942K [0x0000000081c00000, 0x0000000100000000)
  region size 1024K, 26 young (26624K), 3 survivors (3072K)
 Metaspace       used 50206K, committed 50496K, reserved 1114112K
  class space    used 5960K, committed 6080K, reserved 1048576K
}
Event: 2.631 GC heap after
{Heap after GC invocations=13 (full 0):
 garbage-first heap   total 58368K, used 31601K [0x0000000081c00000, 0x0000000100000000)
  region size 1024K, 4 young (4096K), 4 survivors (4096K)
 Metaspace       used 50206K, committed 50496K, reserved 1114112K
  class space    used 5960K, committed 6080K, reserved 1048576K
}
Event: 2.698 GC heap before
{Heap before GC invocations=13 (full 0):
 garbage-first heap   total 58368K, used 46961K [0x0000000081c00000, 0x0000000100000000)
  region size 1024K, 19 young (19456K), 4 survivors (4096K)
 Metaspace       used 50631K, committed 50816K, reserved 1114112K
  class space    used 5995K, committed 6080K, reserved 1048576K
}
Event: 2.706 GC heap after
{Heap after GC invocations=14 (full 0):
 garbage-first heap   total 58368K, used 37829K [0x0000000081c00000, 0x0000000100000000)
  region size 1024K, 3 young (3072K), 3 survivors (3072K)
 Metaspace       used 50631K, committed 50816K, reserved 1114112K
  class space    used 5995K, committed 6080K, reserved 1048576K
}
Event: 3.058 GC heap before
{Heap before GC invocations=15 (full 0):
 garbage-first heap   total 63488K, used 49093K [0x0000000081c00000, 0x0000000100000000)
  region size 1024K, 14 young (14336K), 3 survivors (3072K)
 Metaspace       used 52493K, committed 52672K, reserved 1114112K
  class space    used 6270K, committed 6336K, reserved 1048576K
}
Event: 3.064 GC heap after
{Heap after GC invocations=16 (full 0):
 garbage-first heap   total 63488K, used 39479K [0x0000000081c00000, 0x0000000100000000)
  region size 1024K, 2 young (2048K), 2 survivors (2048K)
 Metaspace       used 52493K, committed 52672K, reserved 1114112K
  class space    used 6270K, committed 6336K, reserved 1048576K
}
Event: 3.248 GC heap before
{Heap before GC invocations=16 (full 0):
 garbage-first heap   total 63488K, used 52791K [0x0000000081c00000, 0x0000000100000000)
  region size 1024K, 15 young (15360K), 2 survivors (2048K)
 Metaspace       used 53054K, committed 53312K, reserved 1114112K
  class space    used 6327K, committed 6400K, reserved 1048576K
}
Event: 3.255 GC heap after
{Heap after GC invocations=17 (full 0):
 garbage-first heap   total 63488K, used 41976K [0x0000000081c00000, 0x0000000100000000)
  region size 1024K, 2 young (2048K), 2 survivors (2048K)
 Metaspace       used 53054K, committed 53312K, reserved 1114112K
  class space    used 6327K, committed 6400K, reserved 1048576K
}
Event: 3.474 GC heap before
{Heap before GC invocations=17 (full 0):
 garbage-first heap   total 63488K, used 54264K [0x0000000081c00000, 0x0000000100000000)
  region size 1024K, 14 young (14336K), 2 survivors (2048K)
 Metaspace       used 55707K, committed 56064K, reserved 1114112K
  class space    used 6607K, committed 6784K, reserved 1048576K
}

