# JRE version: OpenJDK Runtime Environment (21.0.8) (build 21.0.8+-14196175-b1038.72)
# Java VM: OpenJDK 64-Bit Server VM (21.0.8+-14196175-b1038.72, mixed mode, tiered, compressed oops, compressed class ptrs, g1 gc, windows-amd64)
GC Precious Log:
 CardTable entry size: 512
 Card Set container configuration: InlinePtr #cards 5 size 8 Array Of Cards #cards 12 size 40 Howl #buckets 4 coarsen threshold 1843 Howl Bitmap #cards 512 size 80 coarsen threshold 460 Card regions per heap region 1 cards per card region 2048
 CPUs: 4 total, 4 available
 Memory: 8078M
 Large Page Support: Disabled
 NUMA Support: Disabled
 Compressed Oops: Enabled (32-bit)
 Heap Region Size: 1M
 Heap Min Capacity: 8M
 Heap Initial Capacity: 128M
 Heap Max Capacity: 2G
 Pre-touch: Disabled
 Parallel Workers: 4
 Concurrent Workers: 1
 Concurrent Refinement Workers: 4
 Periodic GC: Disabled
Heap:
 garbage-first heap   total 285696K, used 233481K [0x0000000080000000, 0x0000000100000000)
  region size 1024K, 65 young (66560K), 8 survivors (8192K)
 Metaspace       used 174946K, committed 177600K, reserved 1245184K
  class space    used 23243K, committed 24512K, reserved 1048576K
GC Heap History (20 events):
Event: 18.717 GC heap before
{Heap before GC invocations=42 (full 0):
 garbage-first heap   total 242688K, used 203894K [0x0000000080000000, 0x0000000100000000)
  region size 1024K, 88 young (90112K), 10 survivors (10240K)
 Metaspace       used 122921K, committed 125120K, reserved 1179648K
  class space    used 16767K, committed 17856K, reserved 1048576K
}
Event: 18.729 GC heap after
{Heap after GC invocations=43 (full 0):
 garbage-first heap   total 242688K, used 129465K [0x0000000080000000, 0x0000000100000000)
  region size 1024K, 10 young (10240K), 10 survivors (10240K)
 Metaspace       used 122921K, committed 125120K, reserved 1179648K
  class space    used 16767K, committed 17856K, reserved 1048576K
}
Event: 19.781 GC heap before
{Heap before GC invocations=43 (full 0):
 garbage-first heap   total 242688K, used 211385K [0x0000000080000000, 0x0000000100000000)
  region size 1024K, 87 young (89088K), 10 survivors (10240K)
 Metaspace       used 134425K, committed 136704K, reserved 1179648K
  class space    used 17869K, committed 18944K, reserved 1048576K
}
Event: 19.790 GC heap after
{Heap after GC invocations=44 (full 0):
 garbage-first heap   total 242688K, used 138361K [0x0000000080000000, 0x0000000100000000)
  region size 1024K, 11 young (11264K), 11 survivors (11264K)
 Metaspace       used 134425K, committed 136704K, reserved 1179648K
  class space    used 17869K, committed 18944K, reserved 1048576K
}
Event: 21.108 GC heap before
{Heap before GC invocations=45 (full 0):
 garbage-first heap   total 242688K, used 214137K [0x0000000080000000, 0x0000000100000000)
  region size 1024K, 85 young (87040K), 11 survivors (11264K)
 Metaspace       used 141636K, committed 144000K, reserved 1179648K
  class space    used 18671K, committed 19840K, reserved 1048576K
}
Event: 21.116 GC heap after
{Heap after GC invocations=46 (full 0):
 garbage-first heap   total 242688K, used 144168K [0x0000000080000000, 0x0000000100000000)
  region size 1024K, 4 young (4096K), 4 survivors (4096K)
 Metaspace       used 141636K, committed 144000K, reserved 1179648K
  class space    used 18671K, committed 19840K, reserved 1048576K
}
Event: 22.140 GC heap before
{Heap before GC invocations=46 (full 0):
 garbage-first heap   total 242688K, used 224040K [0x0000000080000000, 0x0000000100000000)
  region size 1024K, 77 young (78848K), 4 survivors (4096K)
 Metaspace       used 148080K, committed 150400K, reserved 1179648K
  class space    used 19600K, committed 20736K, reserved 1048576K
}
Event: 22.147 GC heap after
{Heap after GC invocations=47 (full 0):
 garbage-first heap   total 242688K, used 149932K [0x0000000080000000, 0x0000000100000000)
  region size 1024K, 10 young (10240K), 10 survivors (10240K)
 Metaspace       used 148080K, committed 150400K, reserved 1179648K
  class space    used 19600K, committed 20736K, reserved 1048576K
}
Event: 22.999 GC heap before
{Heap before GC invocations=47 (full 0):
 garbage-first heap   total 242688K, used 199084K [0x0000000080000000, 0x0000000100000000)
  region size 1024K, 59 young (60416K), 10 survivors (10240K)
 Metaspace       used 152809K, committed 155264K, reserved 1245184K
  class space    used 20219K, committed 21376K, reserved 1048576K
}
Event: 23.006 GC heap after
{Heap after GC invocations=48 (full 0):
 garbage-first heap   total 242688K, used 152906K [0x0000000080000000, 0x0000000100000000)
  region size 1024K, 3 young (3072K), 3 survivors (3072K)
 Metaspace       used 152809K, committed 155264K, reserved 1245184K
  class space    used 20219K, committed 21376K, reserved 1048576K
}
Event: 24.424 GC heap before
{Heap before GC invocations=49 (full 0):
 garbage-first heap   total 260096K, used 224586K [0x0000000080000000, 0x0000000100000000)
  region size 1024K, 71 young (72704K), 3 survivors (3072K)
 Metaspace       used 157089K, committed 159552K, reserved 1245184K
  class space    used 20854K, committed 22080K, reserved 1048576K
}
Event: 24.431 GC heap after
{Heap after GC invocations=50 (full 0):
 garbage-first heap   total 260096K, used 160420K [0x0000000080000000, 0x0000000100000000)
  region size 1024K, 9 young (9216K), 9 survivors (9216K)
 Metaspace       used 157089K, committed 159552K, reserved 1245184K
  class space    used 20854K, committed 22080K, reserved 1048576K
}
Event: 25.517 GC heap before
{Heap before GC invocations=50 (full 0):
 garbage-first heap   total 260096K, used 235172K [0x0000000080000000, 0x0000000100000000)
  region size 1024K, 82 young (83968K), 9 survivors (9216K)
 Metaspace       used 157596K, committed 160000K, reserved 1245184K
  class space    used 20879K, committed 22080K, reserved 1048576K
}
Event: 25.529 GC heap after
{Heap after GC invocations=51 (full 0):
 garbage-first heap   total 260096K, used 162966K [0x0000000080000000, 0x0000000100000000)
  region size 1024K, 10 young (10240K), 10 survivors (10240K)
 Metaspace       used 157596K, committed 160000K, reserved 1245184K
  class space    used 20879K, committed 22080K, reserved 1048576K
}
Event: 26.461 GC heap before
{Heap before GC invocations=51 (full 0):
 garbage-first heap   total 260096K, used 234646K [0x0000000080000000, 0x0000000100000000)
  region size 1024K, 80 young (81920K), 10 survivors (10240K)
 Metaspace       used 158923K, committed 161280K, reserved 1245184K
  class space    used 20979K, committed 22144K, reserved 1048576K
}
Event: 26.472 GC heap after
{Heap after GC invocations=52 (full 0):
 garbage-first heap   total 260096K, used 170767K [0x0000000080000000, 0x0000000100000000)
  region size 1024K, 8 young (8192K), 8 survivors (8192K)
 Metaspace       used 158923K, committed 161280K, reserved 1245184K
  class space    used 20979K, committed 22144K, reserved 1048576K
}
Event: 28.475 GC heap before
{Heap before GC invocations=53 (full 0):
 garbage-first heap   total 285696K, used 236303K [0x0000000080000000, 0x0000000100000000)
  region size 1024K, 72 young (73728K), 8 survivors (8192K)
 Metaspace       used 164368K, committed 166912K, reserved 1245184K
  class space    used 21533K, committed 22784K, reserved 1048576K
}
Event: 28.485 GC heap after
{Heap after GC invocations=54 (full 0):
 garbage-first heap   total 285696K, used 176128K [0x0000000080000000, 0x0000000100000000)
  region size 1024K, 5 young (5120K), 5 survivors (5120K)
 Metaspace       used 164368K, committed 166912K, reserved 1245184K
  class space    used 21533K, committed 22784K, reserved 1048576K
}
Event: 30.499 GC heap before
{Heap before GC invocations=54 (full 0):
 garbage-first heap   total 285696K, used 259072K [0x0000000080000000, 0x0000000100000000)
  region size 1024K, 85 young (87040K), 5 survivors (5120K)
 Metaspace       used 170855K, committed 173376K, reserved 1245184K
  class space    used 22611K, committed 23872K, reserved 1048576K
}
Event: 30.517 GC heap after
{Heap after GC invocations=55 (full 0):
 garbage-first heap   total 285696K, used 176137K [0x0000000080000000, 0x0000000100000000)
  region size 1024K, 8 young (8192K), 8 survivors (8192K)
 Metaspace       used 170855K, committed 173376K, reserved 1245184K
  class space    used 22611K, committed 23872K, reserved 1048576K
}

