# JRE version: OpenJDK Runtime Environment (21.0.8) (build 21.0.8+-14196175-b1038.72)
# Java VM: OpenJDK 64-Bit Server VM (21.0.8+-14196175-b1038.72, mixed mode, tiered, compressed oops, compressed class ptrs, g1 gc, windows-amd64)
GC Precious Log:
 CardTable entry size: 512
 Card Set container configuration: InlinePtr #cards 5 size 8 Array Of Cards #cards 12 size 40 Howl #buckets 4 coarsen threshold 1843 Howl Bitmap #cards 512 size 80 coarsen threshold 460 Card regions per heap region 1 cards per card region 2048
 CPUs: 4 total, 4 available
 Memory: 8078M
 Large Page Support: Disabled
 NUMA Support: Disabled
 Compressed Oops: Enabled (32-bit)
 Heap Region Size: 1M
 Heap Min Capacity: 8M
 Heap Initial Capacity: 128M
 Heap Max Capacity: 2G
 Pre-touch: Disabled
 Parallel Workers: 4
 Concurrent Workers: 1
 Concurrent Refinement Workers: 4
 Periodic GC: Disabled
Heap:
 garbage-first heap   total 211968K, used 151154K [0x0000000080000000, 0x0000000100000000)
  region size 1024K, 18 young (18432K), 6 survivors (6144K)
 Metaspace       used 120372K, committed 122560K, reserved 1179648K
  class space    used 16574K, committed 17664K, reserved 1048576K
GC Heap History (20 events):
Event: 14.036 GC heap before
{Heap before GC invocations=25 (full 0):
 garbage-first heap   total 140288K, used 122649K [0x0000000080000000, 0x0000000100000000)
  region size 1024K, 59 young (60416K), 8 survivors (8192K)
 Metaspace       used 81072K, committed 82816K, reserved 1179648K
  class space    used 11326K, committed 12160K, reserved 1048576K
}
Event: 14.045 GC heap after
{Heap after GC invocations=26 (full 0):
 garbage-first heap   total 140288K, used 74101K [0x0000000080000000, 0x0000000100000000)
  region size 1024K, 5 young (5120K), 5 survivors (5120K)
 Metaspace       used 81072K, committed 82816K, reserved 1179648K
  class space    used 11326K, committed 12160K, reserved 1048576K
}
Event: 14.636 GC heap before
{Heap before GC invocations=27 (full 0):
 garbage-first heap   total 140288K, used 124277K [0x0000000080000000, 0x0000000100000000)
  region size 1024K, 55 young (56320K), 5 survivors (5120K)
 Metaspace       used 80988K, committed 82816K, reserved 1179648K
  class space    used 11306K, committed 12160K, reserved 1048576K
}
Event: 14.643 GC heap after
{Heap after GC invocations=28 (full 0):
 garbage-first heap   total 140288K, used 74752K [0x0000000080000000, 0x0000000100000000)
  region size 1024K, 5 young (5120K), 5 survivors (5120K)
 Metaspace       used 80988K, committed 82816K, reserved 1179648K
  class space    used 11306K, committed 12160K, reserved 1048576K
}
Event: 15.762 GC heap before
{Heap before GC invocations=28 (full 0):
 garbage-first heap   total 140288K, used 126976K [0x0000000080000000, 0x0000000100000000)
  region size 1024K, 56 young (57344K), 5 survivors (5120K)
 Metaspace       used 86253K, committed 88000K, reserved 1179648K
  class space    used 12420K, committed 13248K, reserved 1048576K
}
Event: 15.769 GC heap after
{Heap after GC invocations=29 (full 0):
 garbage-first heap   total 140288K, used 76600K [0x0000000080000000, 0x0000000100000000)
  region size 1024K, 5 young (5120K), 5 survivors (5120K)
 Metaspace       used 86253K, committed 88000K, reserved 1179648K
  class space    used 12420K, committed 13248K, reserved 1048576K
}
Event: 17.029 GC heap before
{Heap before GC invocations=29 (full 0):
 garbage-first heap   total 140288K, used 126776K [0x0000000080000000, 0x0000000100000000)
  region size 1024K, 54 young (55296K), 5 survivors (5120K)
 Metaspace       used 94197K, committed 95936K, reserved 1179648K
  class space    used 13446K, committed 14272K, reserved 1048576K
}
Event: 17.037 GC heap after
{Heap after GC invocations=30 (full 0):
 garbage-first heap   total 140288K, used 78747K [0x0000000080000000, 0x0000000100000000)
  region size 1024K, 3 young (3072K), 3 survivors (3072K)
 Metaspace       used 94197K, committed 95936K, reserved 1179648K
  class space    used 13446K, committed 14272K, reserved 1048576K
}
Event: 17.600 GC heap before
{Heap before GC invocations=31 (full 0):
 garbage-first heap   total 140288K, used 135067K [0x0000000080000000, 0x0000000100000000)
  region size 1024K, 51 young (52224K), 3 survivors (3072K)
 Metaspace       used 97891K, committed 99712K, reserved 1179648K
  class space    used 13894K, committed 14720K, reserved 1048576K
}
Event: 17.612 GC heap after
{Heap after GC invocations=32 (full 0):
 garbage-first heap   total 180224K, used 92365K [0x0000000080000000, 0x0000000100000000)
  region size 1024K, 7 young (7168K), 7 survivors (7168K)
 Metaspace       used 97891K, committed 99712K, reserved 1179648K
  class space    used 13894K, committed 14720K, reserved 1048576K
}
Event: 18.162 GC heap before
{Heap before GC invocations=32 (full 0):
 garbage-first heap   total 180224K, used 172237K [0x0000000080000000, 0x0000000100000000)
  region size 1024K, 75 young (76800K), 7 survivors (7168K)
 Metaspace       used 98018K, committed 99840K, reserved 1179648K
  class space    used 13899K, committed 14720K, reserved 1048576K
}
Event: 18.192 GC heap after
{Heap after GC invocations=33 (full 0):
 garbage-first heap   total 203776K, used 108417K [0x0000000080000000, 0x0000000100000000)
  region size 1024K, 10 young (10240K), 10 survivors (10240K)
 Metaspace       used 98018K, committed 99840K, reserved 1179648K
  class space    used 13899K, committed 14720K, reserved 1048576K
}
Event: 18.858 GC heap before
{Heap before GC invocations=33 (full 0):
 garbage-first heap   total 203776K, used 148353K [0x0000000080000000, 0x0000000100000000)
  region size 1024K, 50 young (51200K), 10 survivors (10240K)
 Metaspace       used 102167K, committed 104000K, reserved 1179648K
  class space    used 14395K, committed 15232K, reserved 1048576K
}
Event: 18.869 GC heap after
{Heap after GC invocations=34 (full 0):
 garbage-first heap   total 203776K, used 112054K [0x0000000080000000, 0x0000000100000000)
  region size 1024K, 5 young (5120K), 5 survivors (5120K)
 Metaspace       used 102167K, committed 104000K, reserved 1179648K
  class space    used 14395K, committed 15232K, reserved 1048576K
}
Event: 19.644 GC heap before
{Heap before GC invocations=35 (full 0):
 garbage-first heap   total 211968K, used 188854K [0x0000000080000000, 0x0000000100000000)
  region size 1024K, 66 young (67584K), 5 survivors (5120K)
 Metaspace       used 108543K, committed 110336K, reserved 1179648K
  class space    used 14992K, committed 15808K, reserved 1048576K
}
Event: 19.651 GC heap after
{Heap after GC invocations=36 (full 0):
 garbage-first heap   total 211968K, used 133632K [0x0000000080000000, 0x0000000100000000)
  region size 1024K, 9 young (9216K), 9 survivors (9216K)
 Metaspace       used 108543K, committed 110336K, reserved 1179648K
  class space    used 14992K, committed 15808K, reserved 1048576K
}
Event: 20.304 GC heap before
{Heap before GC invocations=36 (full 0):
 garbage-first heap   total 211968K, used 188928K [0x0000000080000000, 0x0000000100000000)
  region size 1024K, 63 young (64512K), 9 survivors (9216K)
 Metaspace       used 115789K, committed 117824K, reserved 1179648K
  class space    used 15983K, committed 16960K, reserved 1048576K
}
Event: 20.318 GC heap after
{Heap after GC invocations=37 (full 0):
 garbage-first heap   total 211968K, used 136958K [0x0000000080000000, 0x0000000100000000)
  region size 1024K, 4 young (4096K), 4 survivors (4096K)
 Metaspace       used 115789K, committed 117824K, reserved 1179648K
  class space    used 15983K, committed 16960K, reserved 1048576K
}
Event: 20.701 GC heap before
{Heap before GC invocations=37 (full 0):
 garbage-first heap   total 211968K, used 170750K [0x0000000080000000, 0x0000000100000000)
  region size 1024K, 38 young (38912K), 4 survivors (4096K)
 Metaspace       used 120306K, committed 122432K, reserved 1179648K
  class space    used 16574K, committed 17600K, reserved 1048576K
}
Event: 20.709 GC heap after
{Heap after GC invocations=38 (full 0):
 garbage-first heap   total 211968K, used 138866K [0x0000000080000000, 0x0000000100000000)
  region size 1024K, 6 young (6144K), 6 survivors (6144K)
 Metaspace       used 120306K, committed 122432K, reserved 1179648K
  class space    used 16574K, committed 17600K, reserved 1048576K
}

