# JRE version: OpenJDK Runtime Environment (21.0.8) (build 21.0.8+-14196175-b1038.72)
# Java VM: OpenJDK 64-Bit Server VM (21.0.8+-14196175-b1038.72, mixed mode, tiered, compressed oops, compressed class ptrs, g1 gc, windows-amd64)
GC Precious Log:
 CardTable entry size: 512
 Card Set container configuration: InlinePtr #cards 5 size 8 Array Of Cards #cards 12 size 40 Howl #buckets 4 coarsen threshold 1843 Howl Bitmap #cards 512 size 80 coarsen threshold 460 Card regions per heap region 1 cards per card region 2048
 CPUs: 4 total, 4 available
 Memory: 8078M
 Large Page Support: Disabled
 NUMA Support: Disabled
 Compressed Oops: Enabled (32-bit)
 Heap Region Size: 1M
 Heap Min Capacity: 8M
 Heap Initial Capacity: 128M
 Heap Max Capacity: 2G
 Pre-touch: Disabled
 Parallel Workers: 4
 Concurrent Workers: 1
 Concurrent Refinement Workers: 4
 Periodic GC: Disabled
Heap:
 garbage-first heap   total 235520K, used 157595K [0x0000000080000000, 0x0000000100000000)
  region size 1024K, 18 young (18432K), 7 survivors (7168K)
 Metaspace       used 101655K, committed 103552K, reserved 1179648K
  class space    used 14031K, committed 14976K, reserved 1048576K
GC Heap History (20 events):
Event: 12.749 GC heap before
{Heap before GC invocations=29 (full 0):
 garbage-first heap   total 168960K, used 154455K [0x0000000080000000, 0x0000000100000000)
  region size 1024K, 53 young (54272K), 2 survivors (2048K)
 Metaspace       used 69019K, committed 70656K, reserved 1114112K
  class space    used 9629K, committed 10432K, reserved 1048576K
}
Event: 12.753 GC heap after
{Heap after GC invocations=30 (full 0):
 garbage-first heap   total 168960K, used 103020K [0x0000000080000000, 0x0000000100000000)
  region size 1024K, 4 young (4096K), 4 survivors (4096K)
 Metaspace       used 69019K, committed 70656K, reserved 1114112K
  class space    used 9629K, committed 10432K, reserved 1048576K
}
Event: 13.809 GC heap before
{Heap before GC invocations=30 (full 0):
 garbage-first heap   total 168960K, used 155244K [0x0000000080000000, 0x0000000100000000)
  region size 1024K, 55 young (56320K), 4 survivors (4096K)
 Metaspace       used 76096K, committed 77824K, reserved 1179648K
  class space    used 10687K, committed 11520K, reserved 1048576K
}
Event: 13.814 GC heap after
{Heap after GC invocations=31 (full 0):
 garbage-first heap   total 168960K, used 105091K [0x0000000080000000, 0x0000000100000000)
  region size 1024K, 7 young (7168K), 7 survivors (7168K)
 Metaspace       used 76096K, committed 77824K, reserved 1179648K
  class space    used 10687K, committed 11520K, reserved 1048576K
}
Event: 14.873 GC heap before
{Heap before GC invocations=31 (full 0):
 garbage-first heap   total 168960K, used 151171K [0x0000000080000000, 0x0000000100000000)
  region size 1024K, 52 young (53248K), 7 survivors (7168K)
 Metaspace       used 81946K, committed 83776K, reserved 1179648K
  class space    used 11587K, committed 12480K, reserved 1048576K
}
Event: 14.880 GC heap after
{Heap after GC invocations=32 (full 0):
 garbage-first heap   total 168960K, used 107752K [0x0000000080000000, 0x0000000100000000)
  region size 1024K, 6 young (6144K), 6 survivors (6144K)
 Metaspace       used 81946K, committed 83776K, reserved 1179648K
  class space    used 11587K, committed 12480K, reserved 1048576K
}
Event: 16.685 GC heap before
{Heap before GC invocations=33 (full 0):
 garbage-first heap   total 181248K, used 150760K [0x0000000080000000, 0x0000000100000000)
  region size 1024K, 49 young (50176K), 6 survivors (6144K)
 Metaspace       used 87811K, committed 89536K, reserved 1179648K
  class space    used 12327K, committed 13184K, reserved 1048576K
}
Event: 16.695 GC heap after
{Heap after GC invocations=34 (full 0):
 garbage-first heap   total 181248K, used 113664K [0x0000000080000000, 0x0000000100000000)
  region size 1024K, 7 young (7168K), 7 survivors (7168K)
 Metaspace       used 87811K, committed 89536K, reserved 1179648K
  class space    used 12327K, committed 13184K, reserved 1048576K
}
Event: 17.239 GC heap before
{Heap before GC invocations=34 (full 0):
 garbage-first heap   total 181248K, used 162816K [0x0000000080000000, 0x0000000100000000)
  region size 1024K, 56 young (57344K), 7 survivors (7168K)
 Metaspace       used 88185K, committed 89920K, reserved 1179648K
  class space    used 12327K, committed 13184K, reserved 1048576K
}
Event: 17.248 GC heap after
{Heap after GC invocations=35 (full 0):
 garbage-first heap   total 181248K, used 116045K [0x0000000080000000, 0x0000000100000000)
  region size 1024K, 4 young (4096K), 4 survivors (4096K)
 Metaspace       used 88185K, committed 89920K, reserved 1179648K
  class space    used 12327K, committed 13184K, reserved 1048576K
}
Event: 17.653 GC heap before
{Heap before GC invocations=35 (full 0):
 garbage-first heap   total 181248K, used 165197K [0x0000000080000000, 0x0000000100000000)
  region size 1024K, 53 young (54272K), 4 survivors (4096K)
 Metaspace       used 88214K, committed 89984K, reserved 1179648K
  class space    used 12327K, committed 13184K, reserved 1048576K
}
Event: 17.657 GC heap after
{Heap after GC invocations=36 (full 0):
 garbage-first heap   total 181248K, used 116812K [0x0000000080000000, 0x0000000100000000)
  region size 1024K, 5 young (5120K), 5 survivors (5120K)
 Metaspace       used 88214K, committed 89984K, reserved 1179648K
  class space    used 12327K, committed 13184K, reserved 1048576K
}
Event: 18.467 GC heap before
{Heap before GC invocations=37 (full 0):
 garbage-first heap   total 196608K, used 163916K [0x0000000080000000, 0x0000000100000000)
  region size 1024K, 51 young (52224K), 5 survivors (5120K)
 Metaspace       used 88223K, committed 89984K, reserved 1179648K
  class space    used 12323K, committed 13184K, reserved 1048576K
}
Event: 18.472 GC heap after
{Heap after GC invocations=38 (full 0):
 garbage-first heap   total 196608K, used 118387K [0x0000000080000000, 0x0000000100000000)
  region size 1024K, 5 young (5120K), 5 survivors (5120K)
 Metaspace       used 88223K, committed 89984K, reserved 1179648K
  class space    used 12323K, committed 13184K, reserved 1048576K
}
Event: 20.061 GC heap before
{Heap before GC invocations=38 (full 0):
 garbage-first heap   total 196608K, used 193139K [0x0000000080000000, 0x0000000100000000)
  region size 1024K, 65 young (66560K), 5 survivors (5120K)
 Metaspace       used 92150K, committed 93952K, reserved 1179648K
  class space    used 12804K, committed 13696K, reserved 1048576K
}
Event: 20.070 GC heap after
{Heap after GC invocations=39 (full 0):
 garbage-first heap   total 209920K, used 138700K [0x0000000080000000, 0x0000000100000000)
  region size 1024K, 9 young (9216K), 9 survivors (9216K)
 Metaspace       used 92150K, committed 93952K, reserved 1179648K
  class space    used 12804K, committed 13696K, reserved 1048576K
}
Event: 20.848 GC heap before
{Heap before GC invocations=39 (full 0):
 garbage-first heap   total 209920K, used 188876K [0x0000000080000000, 0x0000000100000000)
  region size 1024K, 58 young (59392K), 9 survivors (9216K)
 Metaspace       used 97718K, committed 99648K, reserved 1179648K
  class space    used 13462K, committed 14400K, reserved 1048576K
}
Event: 20.854 GC heap after
{Heap after GC invocations=40 (full 0):
 garbage-first heap   total 209920K, used 141211K [0x0000000080000000, 0x0000000100000000)
  region size 1024K, 2 young (2048K), 2 survivors (2048K)
 Metaspace       used 97718K, committed 99648K, reserved 1179648K
  class space    used 13462K, committed 14400K, reserved 1048576K
}
Event: 21.939 GC heap before
{Heap before GC invocations=41 (full 0):
 garbage-first heap   total 235520K, used 200603K [0x0000000080000000, 0x0000000100000000)
  region size 1024K, 55 young (56320K), 2 survivors (2048K)
 Metaspace       used 100891K, committed 102784K, reserved 1179648K
  class space    used 13936K, committed 14848K, reserved 1048576K
}
Event: 21.946 GC heap after
{Heap after GC invocations=42 (full 0):
 garbage-first heap   total 235520K, used 147355K [0x0000000080000000, 0x0000000100000000)
  region size 1024K, 7 young (7168K), 7 survivors (7168K)
 Metaspace       used 100891K, committed 102784K, reserved 1179648K
  class space    used 13936K, committed 14848K, reserved 1048576K
}

